{"/Users/abdullahsahraoui/Documents/Multiverse/Multiverse/Bootcamp/W3/D1/testing/functions.js": {"path":"/Users/abdullahsahraoui/Documents/Multiverse/Multiverse/Bootcamp/W3/D1/testing/functions.js","statementMap":{"0":{"start":{"line":1,"column":12},"end":{"line":3,"column":1}},"1":{"start":{"line":2,"column":1},"end":{"line":2,"column":14}},"2":{"start":{"line":5,"column":19},"end":{"line":16,"column":1}},"3":{"start":{"line":18,"column":12},"end":{"line":18,"column":38}},"4":{"start":{"line":18,"column":22},"end":{"line":18,"column":38}},"5":{"start":{"line":20,"column":0},"end":{"line":20,"column":42}}},"fnMap":{"0":{"name":"(anonymous_0)","decl":{"start":{"line":1,"column":12},"end":{"line":1,"column":13}},"loc":{"start":{"line":1,"column":22},"end":{"line":3,"column":1}},"line":1},"1":{"name":"(anonymous_1)","decl":{"start":{"line":18,"column":12},"end":{"line":18,"column":13}},"loc":{"start":{"line":18,"column":22},"end":{"line":18,"column":38}},"line":18}},"branchMap":{},"s":{"0":1,"1":1,"2":1,"3":1,"4":2,"5":1},"f":{"0":1,"1":2},"b":{},"_coverageSchema":"1a1c01bbd47fc00a2c39e90264f33305004495a9","hash":"23455b3a37898a1cceb9628ca79e755213c2358c"}
}
